The system is: Linux - 4.18.0-147.5.1.el8_1.x86_64 - x86_64
Compiling the C compiler identification source file "CMakeCCompilerId.c" succeeded.
Compiler: /usr/bin/cc 
Build flags: 
Id flags:  

The output was:
0


Compilation of the C compiler identification source "CMakeCCompilerId.c" produced "a.out"

The C compiler identification is GNU, found in "/home/zmengaa/BlockSci/release/CMakeFiles/3.17.2/CompilerIdC/a.out"

Compiling the CXX compiler identification source file "CMakeCXXCompilerId.cpp" succeeded.
Compiler: /usr/bin/c++ 
Build flags: 
Id flags:  

The output was:
0


Compilation of the CXX compiler identification source "CMakeCXXCompilerId.cpp" produced "a.out"

The CXX compiler identification is GNU, found in "/home/zmengaa/BlockSci/release/CMakeFiles/3.17.2/CompilerIdCXX/a.out"

Determining if the C compiler works passed with the following output:
Change Dir: /home/zmengaa/BlockSci/release/CMakeFiles/CMakeTmp

Run Build Command(s):/usr/bin/gmake cmTC_017f5/fast && /usr/bin/gmake  -f CMakeFiles/cmTC_017f5.dir/build.make CMakeFiles/cmTC_017f5.dir/build
gmake[1]: Entering directory '/home/zmengaa/BlockSci/release/CMakeFiles/CMakeTmp'
Building C object CMakeFiles/cmTC_017f5.dir/testCCompiler.c.o
/usr/bin/cc    -o CMakeFiles/cmTC_017f5.dir/testCCompiler.c.o   -c /home/zmengaa/BlockSci/release/CMakeFiles/CMakeTmp/testCCompiler.c
Linking C executable cmTC_017f5
/usr/local/bin/cmake -E cmake_link_script CMakeFiles/cmTC_017f5.dir/link.txt --verbose=1
/usr/bin/cc      CMakeFiles/cmTC_017f5.dir/testCCompiler.c.o  -o cmTC_017f5 
gmake[1]: Leaving directory '/home/zmengaa/BlockSci/release/CMakeFiles/CMakeTmp'



Detecting C compiler ABI info compiled with the following output:
Change Dir: /home/zmengaa/BlockSci/release/CMakeFiles/CMakeTmp

Run Build Command(s):/usr/bin/gmake cmTC_2cf70/fast && /usr/bin/gmake  -f CMakeFiles/cmTC_2cf70.dir/build.make CMakeFiles/cmTC_2cf70.dir/build
gmake[1]: Entering directory '/home/zmengaa/BlockSci/release/CMakeFiles/CMakeTmp'
Building C object CMakeFiles/cmTC_2cf70.dir/CMakeCCompilerABI.c.o
/usr/bin/cc   -v -o CMakeFiles/cmTC_2cf70.dir/CMakeCCompilerABI.c.o   -c /usr/local/share/cmake-3.17/Modules/CMakeCCompilerABI.c
Using built-in specs.
COLLECT_GCC=/usr/bin/cc
OFFLOAD_TARGET_NAMES=nvptx-none
OFFLOAD_TARGET_DEFAULT=1
Target: x86_64-redhat-linux
Configured with: ../configure --enable-bootstrap --enable-languages=c,c++,fortran,lto --prefix=/usr --mandir=/usr/share/man --infodir=/usr/share/info --with-bugurl=http://bugzilla.redhat.com/bugzilla --enable-shared --enable-threads=posix --enable-checking=release --enable-multilib --with-system-zlib --enable-__cxa_atexit --disable-libunwind-exceptions --enable-gnu-unique-object --enable-linker-build-id --with-gcc-major-version-only --with-linker-hash-style=gnu --enable-plugin --enable-initfini-array --with-isl --disable-libmpx --enable-offload-targets=nvptx-none --without-cuda-driver --enable-gnu-indirect-function --enable-cet --with-tune=generic --with-arch_32=x86-64 --build=x86_64-redhat-linux
Thread model: posix
gcc version 8.3.1 20190507 (Red Hat 8.3.1-4) (GCC) 
COLLECT_GCC_OPTIONS='-v' '-o' 'CMakeFiles/cmTC_2cf70.dir/CMakeCCompilerABI.c.o' '-c' '-mtune=generic' '-march=x86-64'
 /usr/libexec/gcc/x86_64-redhat-linux/8/cc1 -quiet -v /usr/local/share/cmake-3.17/Modules/CMakeCCompilerABI.c -quiet -dumpbase CMakeCCompilerABI.c -mtune=generic -march=x86-64 -auxbase-strip CMakeFiles/cmTC_2cf70.dir/CMakeCCompilerABI.c.o -version -o /tmp/ccP594as.s
GNU C17 (GCC) version 8.3.1 20190507 (Red Hat 8.3.1-4) (x86_64-redhat-linux)
	compiled by GNU C version 8.3.1 20190507 (Red Hat 8.3.1-4), GMP version 6.1.2, MPFR version 3.1.6-p2, MPC version 1.0.2, isl version isl-0.16.1-GMP

GGC heuristics: --param ggc-min-expand=100 --param ggc-min-heapsize=131072
ignoring nonexistent directory "/usr/lib/gcc/x86_64-redhat-linux/8/include-fixed"
ignoring nonexistent directory "/usr/lib/gcc/x86_64-redhat-linux/8/../../../../x86_64-redhat-linux/include"
#include "..." search starts here:
#include <...> search starts here:
 /usr/lib/gcc/x86_64-redhat-linux/8/include
 /usr/local/include
 /usr/include
End of search list.
GNU C17 (GCC) version 8.3.1 20190507 (Red Hat 8.3.1-4) (x86_64-redhat-linux)
	compiled by GNU C version 8.3.1 20190507 (Red Hat 8.3.1-4), GMP version 6.1.2, MPFR version 3.1.6-p2, MPC version 1.0.2, isl version isl-0.16.1-GMP

GGC heuristics: --param ggc-min-expand=100 --param ggc-min-heapsize=131072
Compiler executable checksum: 6ddc69fb11f7ecd0fffa2bc5451685f7
COLLECT_GCC_OPTIONS='-v' '-o' 'CMakeFiles/cmTC_2cf70.dir/CMakeCCompilerABI.c.o' '-c' '-mtune=generic' '-march=x86-64'
 as -v --64 -o CMakeFiles/cmTC_2cf70.dir/CMakeCCompilerABI.c.o /tmp/ccP594as.s
GNU assembler version 2.30 (x86_64-redhat-linux) using BFD version version 2.30-58.el8_1.1
COMPILER_PATH=/usr/libexec/gcc/x86_64-redhat-linux/8/:/usr/libexec/gcc/x86_64-redhat-linux/8/:/usr/libexec/gcc/x86_64-redhat-linux/:/usr/lib/gcc/x86_64-redhat-linux/8/:/usr/lib/gcc/x86_64-redhat-linux/
LIBRARY_PATH=/usr/lib/gcc/x86_64-redhat-linux/8/:/usr/lib/gcc/x86_64-redhat-linux/8/../../../../lib64/:/lib/../lib64/:/usr/lib/../lib64/:/usr/lib/gcc/x86_64-redhat-linux/8/../../../:/lib/:/usr/lib/
COLLECT_GCC_OPTIONS='-v' '-o' 'CMakeFiles/cmTC_2cf70.dir/CMakeCCompilerABI.c.o' '-c' '-mtune=generic' '-march=x86-64'
Linking C executable cmTC_2cf70
/usr/local/bin/cmake -E cmake_link_script CMakeFiles/cmTC_2cf70.dir/link.txt --verbose=1
/usr/bin/cc     -v CMakeFiles/cmTC_2cf70.dir/CMakeCCompilerABI.c.o  -o cmTC_2cf70 
Using built-in specs.
COLLECT_GCC=/usr/bin/cc
COLLECT_LTO_WRAPPER=/usr/libexec/gcc/x86_64-redhat-linux/8/lto-wrapper
OFFLOAD_TARGET_NAMES=nvptx-none
OFFLOAD_TARGET_DEFAULT=1
Target: x86_64-redhat-linux
Configured with: ../configure --enable-bootstrap --enable-languages=c,c++,fortran,lto --prefix=/usr --mandir=/usr/share/man --infodir=/usr/share/info --with-bugurl=http://bugzilla.redhat.com/bugzilla --enable-shared --enable-threads=posix --enable-checking=release --enable-multilib --with-system-zlib --enable-__cxa_atexit --disable-libunwind-exceptions --enable-gnu-unique-object --enable-linker-build-id --with-gcc-major-version-only --with-linker-hash-style=gnu --enable-plugin --enable-initfini-array --with-isl --disable-libmpx --enable-offload-targets=nvptx-none --without-cuda-driver --enable-gnu-indirect-function --enable-cet --with-tune=generic --with-arch_32=x86-64 --build=x86_64-redhat-linux
Thread model: posix
gcc version 8.3.1 20190507 (Red Hat 8.3.1-4) (GCC) 
COMPILER_PATH=/usr/libexec/gcc/x86_64-redhat-linux/8/:/usr/libexec/gcc/x86_64-redhat-linux/8/:/usr/libexec/gcc/x86_64-redhat-linux/:/usr/lib/gcc/x86_64-redhat-linux/8/:/usr/lib/gcc/x86_64-redhat-linux/
LIBRARY_PATH=/usr/lib/gcc/x86_64-redhat-linux/8/:/usr/lib/gcc/x86_64-redhat-linux/8/../../../../lib64/:/lib/../lib64/:/usr/lib/../lib64/:/usr/lib/gcc/x86_64-redhat-linux/8/../../../:/lib/:/usr/lib/
COLLECT_GCC_OPTIONS='-v' '-o' 'cmTC_2cf70' '-mtune=generic' '-march=x86-64'
 /usr/libexec/gcc/x86_64-redhat-linux/8/collect2 -plugin /usr/libexec/gcc/x86_64-redhat-linux/8/liblto_plugin.so -plugin-opt=/usr/libexec/gcc/x86_64-redhat-linux/8/lto-wrapper -plugin-opt=-fresolution=/tmp/cc64sPbu.res -plugin-opt=-pass-through=-lgcc -plugin-opt=-pass-through=-lgcc_s -plugin-opt=-pass-through=-lc -plugin-opt=-pass-through=-lgcc -plugin-opt=-pass-through=-lgcc_s --build-id --no-add-needed --eh-frame-hdr --hash-style=gnu -m elf_x86_64 -dynamic-linker /lib64/ld-linux-x86-64.so.2 -o cmTC_2cf70 /usr/lib/gcc/x86_64-redhat-linux/8/../../../../lib64/crt1.o /usr/lib/gcc/x86_64-redhat-linux/8/../../../../lib64/crti.o /usr/lib/gcc/x86_64-redhat-linux/8/crtbegin.o -L/usr/lib/gcc/x86_64-redhat-linux/8 -L/usr/lib/gcc/x86_64-redhat-linux/8/../../../../lib64 -L/lib/../lib64 -L/usr/lib/../lib64 -L/usr/lib/gcc/x86_64-redhat-linux/8/../../.. CMakeFiles/cmTC_2cf70.dir/CMakeCCompilerABI.c.o -lgcc --as-needed -lgcc_s --no-as-needed -lc -lgcc --as-needed -lgcc_s --no-as-needed /usr/lib/gcc/x86_64-redhat-linux/8/crtend.o /usr/lib/gcc/x86_64-redhat-linux/8/../../../../lib64/crtn.o
COLLECT_GCC_OPTIONS='-v' '-o' 'cmTC_2cf70' '-mtune=generic' '-march=x86-64'
gmake[1]: Leaving directory '/home/zmengaa/BlockSci/release/CMakeFiles/CMakeTmp'



Parsed C implicit include dir info from above output: rv=done
  found start of include info
  found start of implicit include info
    add: [/usr/lib/gcc/x86_64-redhat-linux/8/include]
    add: [/usr/local/include]
    add: [/usr/include]
  end of search list found
  collapse include dir [/usr/lib/gcc/x86_64-redhat-linux/8/include] ==> [/usr/lib/gcc/x86_64-redhat-linux/8/include]
  collapse include dir [/usr/local/include] ==> [/usr/local/include]
  collapse include dir [/usr/include] ==> [/usr/include]
  implicit include dirs: [/usr/lib/gcc/x86_64-redhat-linux/8/include;/usr/local/include;/usr/include]


Parsed C implicit link information from above output:
  link line regex: [^( *|.*[/\])(ld|CMAKE_LINK_STARTFILE-NOTFOUND|([^/\]+-)?ld|collect2)[^/\]*( |$)]
  ignore line: [Change Dir: /home/zmengaa/BlockSci/release/CMakeFiles/CMakeTmp]
  ignore line: []
  ignore line: [Run Build Command(s):/usr/bin/gmake cmTC_2cf70/fast && /usr/bin/gmake  -f CMakeFiles/cmTC_2cf70.dir/build.make CMakeFiles/cmTC_2cf70.dir/build]
  ignore line: [gmake[1]: Entering directory '/home/zmengaa/BlockSci/release/CMakeFiles/CMakeTmp']
  ignore line: [Building C object CMakeFiles/cmTC_2cf70.dir/CMakeCCompilerABI.c.o]
  ignore line: [/usr/bin/cc   -v -o CMakeFiles/cmTC_2cf70.dir/CMakeCCompilerABI.c.o   -c /usr/local/share/cmake-3.17/Modules/CMakeCCompilerABI.c]
  ignore line: [Using built-in specs.]
  ignore line: [COLLECT_GCC=/usr/bin/cc]
  ignore line: [OFFLOAD_TARGET_NAMES=nvptx-none]
  ignore line: [OFFLOAD_TARGET_DEFAULT=1]
  ignore line: [Target: x86_64-redhat-linux]
  ignore line: [Configured with: ../configure --enable-bootstrap --enable-languages=c c++ fortran lto --prefix=/usr --mandir=/usr/share/man --infodir=/usr/share/info --with-bugurl=http://bugzilla.redhat.com/bugzilla --enable-shared --enable-threads=posix --enable-checking=release --enable-multilib --with-system-zlib --enable-__cxa_atexit --disable-libunwind-exceptions --enable-gnu-unique-object --enable-linker-build-id --with-gcc-major-version-only --with-linker-hash-style=gnu --enable-plugin --enable-initfini-array --with-isl --disable-libmpx --enable-offload-targets=nvptx-none --without-cuda-driver --enable-gnu-indirect-function --enable-cet --with-tune=generic --with-arch_32=x86-64 --build=x86_64-redhat-linux]
  ignore line: [Thread model: posix]
  ignore line: [gcc version 8.3.1 20190507 (Red Hat 8.3.1-4) (GCC) ]
  ignore line: [COLLECT_GCC_OPTIONS='-v' '-o' 'CMakeFiles/cmTC_2cf70.dir/CMakeCCompilerABI.c.o' '-c' '-mtune=generic' '-march=x86-64']
  ignore line: [ /usr/libexec/gcc/x86_64-redhat-linux/8/cc1 -quiet -v /usr/local/share/cmake-3.17/Modules/CMakeCCompilerABI.c -quiet -dumpbase CMakeCCompilerABI.c -mtune=generic -march=x86-64 -auxbase-strip CMakeFiles/cmTC_2cf70.dir/CMakeCCompilerABI.c.o -version -o /tmp/ccP594as.s]
  ignore line: [GNU C17 (GCC) version 8.3.1 20190507 (Red Hat 8.3.1-4) (x86_64-redhat-linux)]
  ignore line: [	compiled by GNU C version 8.3.1 20190507 (Red Hat 8.3.1-4)  GMP version 6.1.2  MPFR version 3.1.6-p2  MPC version 1.0.2  isl version isl-0.16.1-GMP]
  ignore line: []
  ignore line: [GGC heuristics: --param ggc-min-expand=100 --param ggc-min-heapsize=131072]
  ignore line: [ignoring nonexistent directory "/usr/lib/gcc/x86_64-redhat-linux/8/include-fixed"]
  ignore line: [ignoring nonexistent directory "/usr/lib/gcc/x86_64-redhat-linux/8/../../../../x86_64-redhat-linux/include"]
  ignore line: [#include "..." search starts here:]
  ignore line: [#include <...> search starts here:]
  ignore line: [ /usr/lib/gcc/x86_64-redhat-linux/8/include]
  ignore line: [ /usr/local/include]
  ignore line: [ /usr/include]
  ignore line: [End of search list.]
  ignore line: [GNU C17 (GCC) version 8.3.1 20190507 (Red Hat 8.3.1-4) (x86_64-redhat-linux)]
  ignore line: [	compiled by GNU C version 8.3.1 20190507 (Red Hat 8.3.1-4)  GMP version 6.1.2  MPFR version 3.1.6-p2  MPC version 1.0.2  isl version isl-0.16.1-GMP]
  ignore line: []
  ignore line: [GGC heuristics: --param ggc-min-expand=100 --param ggc-min-heapsize=131072]
  ignore line: [Compiler executable checksum: 6ddc69fb11f7ecd0fffa2bc5451685f7]
  ignore line: [COLLECT_GCC_OPTIONS='-v' '-o' 'CMakeFiles/cmTC_2cf70.dir/CMakeCCompilerABI.c.o' '-c' '-mtune=generic' '-march=x86-64']
  ignore line: [ as -v --64 -o CMakeFiles/cmTC_2cf70.dir/CMakeCCompilerABI.c.o /tmp/ccP594as.s]
  ignore line: [GNU assembler version 2.30 (x86_64-redhat-linux) using BFD version version 2.30-58.el8_1.1]
  ignore line: [COMPILER_PATH=/usr/libexec/gcc/x86_64-redhat-linux/8/:/usr/libexec/gcc/x86_64-redhat-linux/8/:/usr/libexec/gcc/x86_64-redhat-linux/:/usr/lib/gcc/x86_64-redhat-linux/8/:/usr/lib/gcc/x86_64-redhat-linux/]
  ignore line: [LIBRARY_PATH=/usr/lib/gcc/x86_64-redhat-linux/8/:/usr/lib/gcc/x86_64-redhat-linux/8/../../../../lib64/:/lib/../lib64/:/usr/lib/../lib64/:/usr/lib/gcc/x86_64-redhat-linux/8/../../../:/lib/:/usr/lib/]
  ignore line: [COLLECT_GCC_OPTIONS='-v' '-o' 'CMakeFiles/cmTC_2cf70.dir/CMakeCCompilerABI.c.o' '-c' '-mtune=generic' '-march=x86-64']
  ignore line: [Linking C executable cmTC_2cf70]
  ignore line: [/usr/local/bin/cmake -E cmake_link_script CMakeFiles/cmTC_2cf70.dir/link.txt --verbose=1]
  ignore line: [/usr/bin/cc     -v CMakeFiles/cmTC_2cf70.dir/CMakeCCompilerABI.c.o  -o cmTC_2cf70 ]
  ignore line: [Using built-in specs.]
  ignore line: [COLLECT_GCC=/usr/bin/cc]
  ignore line: [COLLECT_LTO_WRAPPER=/usr/libexec/gcc/x86_64-redhat-linux/8/lto-wrapper]
  ignore line: [OFFLOAD_TARGET_NAMES=nvptx-none]
  ignore line: [OFFLOAD_TARGET_DEFAULT=1]
  ignore line: [Target: x86_64-redhat-linux]
  ignore line: [Configured with: ../configure --enable-bootstrap --enable-languages=c c++ fortran lto --prefix=/usr --mandir=/usr/share/man --infodir=/usr/share/info --with-bugurl=http://bugzilla.redhat.com/bugzilla --enable-shared --enable-threads=posix --enable-checking=release --enable-multilib --with-system-zlib --enable-__cxa_atexit --disable-libunwind-exceptions --enable-gnu-unique-object --enable-linker-build-id --with-gcc-major-version-only --with-linker-hash-style=gnu --enable-plugin --enable-initfini-array --with-isl --disable-libmpx --enable-offload-targets=nvptx-none --without-cuda-driver --enable-gnu-indirect-function --enable-cet --with-tune=generic --with-arch_32=x86-64 --build=x86_64-redhat-linux]
  ignore line: [Thread model: posix]
  ignore line: [gcc version 8.3.1 20190507 (Red Hat 8.3.1-4) (GCC) ]
  ignore line: [COMPILER_PATH=/usr/libexec/gcc/x86_64-redhat-linux/8/:/usr/libexec/gcc/x86_64-redhat-linux/8/:/usr/libexec/gcc/x86_64-redhat-linux/:/usr/lib/gcc/x86_64-redhat-linux/8/:/usr/lib/gcc/x86_64-redhat-linux/]
  ignore line: [LIBRARY_PATH=/usr/lib/gcc/x86_64-redhat-linux/8/:/usr/lib/gcc/x86_64-redhat-linux/8/../../../../lib64/:/lib/../lib64/:/usr/lib/../lib64/:/usr/lib/gcc/x86_64-redhat-linux/8/../../../:/lib/:/usr/lib/]
  ignore line: [COLLECT_GCC_OPTIONS='-v' '-o' 'cmTC_2cf70' '-mtune=generic' '-march=x86-64']
  link line: [ /usr/libexec/gcc/x86_64-redhat-linux/8/collect2 -plugin /usr/libexec/gcc/x86_64-redhat-linux/8/liblto_plugin.so -plugin-opt=/usr/libexec/gcc/x86_64-redhat-linux/8/lto-wrapper -plugin-opt=-fresolution=/tmp/cc64sPbu.res -plugin-opt=-pass-through=-lgcc -plugin-opt=-pass-through=-lgcc_s -plugin-opt=-pass-through=-lc -plugin-opt=-pass-through=-lgcc -plugin-opt=-pass-through=-lgcc_s --build-id --no-add-needed --eh-frame-hdr --hash-style=gnu -m elf_x86_64 -dynamic-linker /lib64/ld-linux-x86-64.so.2 -o cmTC_2cf70 /usr/lib/gcc/x86_64-redhat-linux/8/../../../../lib64/crt1.o /usr/lib/gcc/x86_64-redhat-linux/8/../../../../lib64/crti.o /usr/lib/gcc/x86_64-redhat-linux/8/crtbegin.o -L/usr/lib/gcc/x86_64-redhat-linux/8 -L/usr/lib/gcc/x86_64-redhat-linux/8/../../../../lib64 -L/lib/../lib64 -L/usr/lib/../lib64 -L/usr/lib/gcc/x86_64-redhat-linux/8/../../.. CMakeFiles/cmTC_2cf70.dir/CMakeCCompilerABI.c.o -lgcc --as-needed -lgcc_s --no-as-needed -lc -lgcc --as-needed -lgcc_s --no-as-needed /usr/lib/gcc/x86_64-redhat-linux/8/crtend.o /usr/lib/gcc/x86_64-redhat-linux/8/../../../../lib64/crtn.o]
    arg [/usr/libexec/gcc/x86_64-redhat-linux/8/collect2] ==> ignore
    arg [-plugin] ==> ignore
    arg [/usr/libexec/gcc/x86_64-redhat-linux/8/liblto_plugin.so] ==> ignore
    arg [-plugin-opt=/usr/libexec/gcc/x86_64-redhat-linux/8/lto-wrapper] ==> ignore
    arg [-plugin-opt=-fresolution=/tmp/cc64sPbu.res] ==> ignore
    arg [-plugin-opt=-pass-through=-lgcc] ==> ignore
    arg [-plugin-opt=-pass-through=-lgcc_s] ==> ignore
    arg [-plugin-opt=-pass-through=-lc] ==> ignore
    arg [-plugin-opt=-pass-through=-lgcc] ==> ignore
    arg [-plugin-opt=-pass-through=-lgcc_s] ==> ignore
    arg [--build-id] ==> ignore
    arg [--no-add-needed] ==> ignore
    arg [--eh-frame-hdr] ==> ignore
    arg [--hash-style=gnu] ==> ignore
    arg [-m] ==> ignore
    arg [elf_x86_64] ==> ignore
    arg [-dynamic-linker] ==> ignore
    arg [/lib64/ld-linux-x86-64.so.2] ==> ignore
    arg [-o] ==> ignore
    arg [cmTC_2cf70] ==> ignore
    arg [/usr/lib/gcc/x86_64-redhat-linux/8/../../../../lib64/crt1.o] ==> ignore
    arg [/usr/lib/gcc/x86_64-redhat-linux/8/../../../../lib64/crti.o] ==> ignore
    arg [/usr/lib/gcc/x86_64-redhat-linux/8/crtbegin.o] ==> ignore
    arg [-L/usr/lib/gcc/x86_64-redhat-linux/8] ==> dir [/usr/lib/gcc/x86_64-redhat-linux/8]
    arg [-L/usr/lib/gcc/x86_64-redhat-linux/8/../../../../lib64] ==> dir [/usr/lib/gcc/x86_64-redhat-linux/8/../../../../lib64]
    arg [-L/lib/../lib64] ==> dir [/lib/../lib64]
    arg [-L/usr/lib/../lib64] ==> dir [/usr/lib/../lib64]
    arg [-L/usr/lib/gcc/x86_64-redhat-linux/8/../../..] ==> dir [/usr/lib/gcc/x86_64-redhat-linux/8/../../..]
    arg [CMakeFiles/cmTC_2cf70.dir/CMakeCCompilerABI.c.o] ==> ignore
    arg [-lgcc] ==> lib [gcc]
    arg [--as-needed] ==> ignore
    arg [-lgcc_s] ==> lib [gcc_s]
    arg [--no-as-needed] ==> ignore
    arg [-lc] ==> lib [c]
    arg [-lgcc] ==> lib [gcc]
    arg [--as-needed] ==> ignore
    arg [-lgcc_s] ==> lib [gcc_s]
    arg [--no-as-needed] ==> ignore
    arg [/usr/lib/gcc/x86_64-redhat-linux/8/crtend.o] ==> ignore
    arg [/usr/lib/gcc/x86_64-redhat-linux/8/../../../../lib64/crtn.o] ==> ignore
  collapse library dir [/usr/lib/gcc/x86_64-redhat-linux/8] ==> [/usr/lib/gcc/x86_64-redhat-linux/8]
  collapse library dir [/usr/lib/gcc/x86_64-redhat-linux/8/../../../../lib64] ==> [/usr/lib64]
  collapse library dir [/lib/../lib64] ==> [/lib64]
  collapse library dir [/usr/lib/../lib64] ==> [/usr/lib64]
  collapse library dir [/usr/lib/gcc/x86_64-redhat-linux/8/../../..] ==> [/usr/lib]
  implicit libs: [gcc;gcc_s;c;gcc;gcc_s]
  implicit dirs: [/usr/lib/gcc/x86_64-redhat-linux/8;/usr/lib64;/lib64;/usr/lib]
  implicit fwks: []


Determining if the CXX compiler works passed with the following output:
Change Dir: /home/zmengaa/BlockSci/release/CMakeFiles/CMakeTmp

Run Build Command(s):/usr/bin/gmake cmTC_1b143/fast && /usr/bin/gmake  -f CMakeFiles/cmTC_1b143.dir/build.make CMakeFiles/cmTC_1b143.dir/build
gmake[1]: Entering directory '/home/zmengaa/BlockSci/release/CMakeFiles/CMakeTmp'
Building CXX object CMakeFiles/cmTC_1b143.dir/testCXXCompiler.cxx.o
/usr/bin/c++     -o CMakeFiles/cmTC_1b143.dir/testCXXCompiler.cxx.o -c /home/zmengaa/BlockSci/release/CMakeFiles/CMakeTmp/testCXXCompiler.cxx
Linking CXX executable cmTC_1b143
/usr/local/bin/cmake -E cmake_link_script CMakeFiles/cmTC_1b143.dir/link.txt --verbose=1
/usr/bin/c++       CMakeFiles/cmTC_1b143.dir/testCXXCompiler.cxx.o  -o cmTC_1b143 
gmake[1]: Leaving directory '/home/zmengaa/BlockSci/release/CMakeFiles/CMakeTmp'



Detecting CXX compiler ABI info compiled with the following output:
Change Dir: /home/zmengaa/BlockSci/release/CMakeFiles/CMakeTmp

Run Build Command(s):/usr/bin/gmake cmTC_203c3/fast && /usr/bin/gmake  -f CMakeFiles/cmTC_203c3.dir/build.make CMakeFiles/cmTC_203c3.dir/build
gmake[1]: Entering directory '/home/zmengaa/BlockSci/release/CMakeFiles/CMakeTmp'
Building CXX object CMakeFiles/cmTC_203c3.dir/CMakeCXXCompilerABI.cpp.o
/usr/bin/c++    -v -o CMakeFiles/cmTC_203c3.dir/CMakeCXXCompilerABI.cpp.o -c /usr/local/share/cmake-3.17/Modules/CMakeCXXCompilerABI.cpp
Using built-in specs.
COLLECT_GCC=/usr/bin/c++
OFFLOAD_TARGET_NAMES=nvptx-none
OFFLOAD_TARGET_DEFAULT=1
Target: x86_64-redhat-linux
Configured with: ../configure --enable-bootstrap --enable-languages=c,c++,fortran,lto --prefix=/usr --mandir=/usr/share/man --infodir=/usr/share/info --with-bugurl=http://bugzilla.redhat.com/bugzilla --enable-shared --enable-threads=posix --enable-checking=release --enable-multilib --with-system-zlib --enable-__cxa_atexit --disable-libunwind-exceptions --enable-gnu-unique-object --enable-linker-build-id --with-gcc-major-version-only --with-linker-hash-style=gnu --enable-plugin --enable-initfini-array --with-isl --disable-libmpx --enable-offload-targets=nvptx-none --without-cuda-driver --enable-gnu-indirect-function --enable-cet --with-tune=generic --with-arch_32=x86-64 --build=x86_64-redhat-linux
Thread model: posix
gcc version 8.3.1 20190507 (Red Hat 8.3.1-4) (GCC) 
COLLECT_GCC_OPTIONS='-v' '-o' 'CMakeFiles/cmTC_203c3.dir/CMakeCXXCompilerABI.cpp.o' '-c' '-shared-libgcc' '-mtune=generic' '-march=x86-64'
 /usr/libexec/gcc/x86_64-redhat-linux/8/cc1plus -quiet -v -D_GNU_SOURCE /usr/local/share/cmake-3.17/Modules/CMakeCXXCompilerABI.cpp -quiet -dumpbase CMakeCXXCompilerABI.cpp -mtune=generic -march=x86-64 -auxbase-strip CMakeFiles/cmTC_203c3.dir/CMakeCXXCompilerABI.cpp.o -version -o /tmp/ccheVB5z.s
GNU C++14 (GCC) version 8.3.1 20190507 (Red Hat 8.3.1-4) (x86_64-redhat-linux)
	compiled by GNU C version 8.3.1 20190507 (Red Hat 8.3.1-4), GMP version 6.1.2, MPFR version 3.1.6-p2, MPC version 1.0.2, isl version isl-0.16.1-GMP

GGC heuristics: --param ggc-min-expand=100 --param ggc-min-heapsize=131072
ignoring nonexistent directory "/usr/lib/gcc/x86_64-redhat-linux/8/include-fixed"
ignoring nonexistent directory "/usr/lib/gcc/x86_64-redhat-linux/8/../../../../x86_64-redhat-linux/include"
#include "..." search starts here:
#include <...> search starts here:
 /usr/lib/gcc/x86_64-redhat-linux/8/../../../../include/c++/8
 /usr/lib/gcc/x86_64-redhat-linux/8/../../../../include/c++/8/x86_64-redhat-linux
 /usr/lib/gcc/x86_64-redhat-linux/8/../../../../include/c++/8/backward
 /usr/lib/gcc/x86_64-redhat-linux/8/include
 /usr/local/include
 /usr/include
End of search list.
GNU C++14 (GCC) version 8.3.1 20190507 (Red Hat 8.3.1-4) (x86_64-redhat-linux)
	compiled by GNU C version 8.3.1 20190507 (Red Hat 8.3.1-4), GMP version 6.1.2, MPFR version 3.1.6-p2, MPC version 1.0.2, isl version isl-0.16.1-GMP

GGC heuristics: --param ggc-min-expand=100 --param ggc-min-heapsize=131072
Compiler executable checksum: 97a85cef05fd1fc4e3b4ec79ee60f113
COLLECT_GCC_OPTIONS='-v' '-o' 'CMakeFiles/cmTC_203c3.dir/CMakeCXXCompilerABI.cpp.o' '-c' '-shared-libgcc' '-mtune=generic' '-march=x86-64'
 as -v --64 -o CMakeFiles/cmTC_203c3.dir/CMakeCXXCompilerABI.cpp.o /tmp/ccheVB5z.s
GNU assembler version 2.30 (x86_64-redhat-linux) using BFD version version 2.30-58.el8_1.1
COMPILER_PATH=/usr/libexec/gcc/x86_64-redhat-linux/8/:/usr/libexec/gcc/x86_64-redhat-linux/8/:/usr/libexec/gcc/x86_64-redhat-linux/:/usr/lib/gcc/x86_64-redhat-linux/8/:/usr/lib/gcc/x86_64-redhat-linux/
LIBRARY_PATH=/usr/lib/gcc/x86_64-redhat-linux/8/:/usr/lib/gcc/x86_64-redhat-linux/8/../../../../lib64/:/lib/../lib64/:/usr/lib/../lib64/:/usr/lib/gcc/x86_64-redhat-linux/8/../../../:/lib/:/usr/lib/
COLLECT_GCC_OPTIONS='-v' '-o' 'CMakeFiles/cmTC_203c3.dir/CMakeCXXCompilerABI.cpp.o' '-c' '-shared-libgcc' '-mtune=generic' '-march=x86-64'
Linking CXX executable cmTC_203c3
/usr/local/bin/cmake -E cmake_link_script CMakeFiles/cmTC_203c3.dir/link.txt --verbose=1
/usr/bin/c++      -v CMakeFiles/cmTC_203c3.dir/CMakeCXXCompilerABI.cpp.o  -o cmTC_203c3 
Using built-in specs.
COLLECT_GCC=/usr/bin/c++
COLLECT_LTO_WRAPPER=/usr/libexec/gcc/x86_64-redhat-linux/8/lto-wrapper
OFFLOAD_TARGET_NAMES=nvptx-none
OFFLOAD_TARGET_DEFAULT=1
Target: x86_64-redhat-linux
Configured with: ../configure --enable-bootstrap --enable-languages=c,c++,fortran,lto --prefix=/usr --mandir=/usr/share/man --infodir=/usr/share/info --with-bugurl=http://bugzilla.redhat.com/bugzilla --enable-shared --enable-threads=posix --enable-checking=release --enable-multilib --with-system-zlib --enable-__cxa_atexit --disable-libunwind-exceptions --enable-gnu-unique-object --enable-linker-build-id --with-gcc-major-version-only --with-linker-hash-style=gnu --enable-plugin --enable-initfini-array --with-isl --disable-libmpx --enable-offload-targets=nvptx-none --without-cuda-driver --enable-gnu-indirect-function --enable-cet --with-tune=generic --with-arch_32=x86-64 --build=x86_64-redhat-linux
Thread model: posix
gcc version 8.3.1 20190507 (Red Hat 8.3.1-4) (GCC) 
COMPILER_PATH=/usr/libexec/gcc/x86_64-redhat-linux/8/:/usr/libexec/gcc/x86_64-redhat-linux/8/:/usr/libexec/gcc/x86_64-redhat-linux/:/usr/lib/gcc/x86_64-redhat-linux/8/:/usr/lib/gcc/x86_64-redhat-linux/
LIBRARY_PATH=/usr/lib/gcc/x86_64-redhat-linux/8/:/usr/lib/gcc/x86_64-redhat-linux/8/../../../../lib64/:/lib/../lib64/:/usr/lib/../lib64/:/usr/lib/gcc/x86_64-redhat-linux/8/../../../:/lib/:/usr/lib/
COLLECT_GCC_OPTIONS='-v' '-o' 'cmTC_203c3' '-shared-libgcc' '-mtune=generic' '-march=x86-64'
 /usr/libexec/gcc/x86_64-redhat-linux/8/collect2 -plugin /usr/libexec/gcc/x86_64-redhat-linux/8/liblto_plugin.so -plugin-opt=/usr/libexec/gcc/x86_64-redhat-linux/8/lto-wrapper -plugin-opt=-fresolution=/tmp/ccqZL1kE.res -plugin-opt=-pass-through=-lgcc_s -plugin-opt=-pass-through=-lgcc -plugin-opt=-pass-through=-lc -plugin-opt=-pass-through=-lgcc_s -plugin-opt=-pass-through=-lgcc --build-id --no-add-needed --eh-frame-hdr --hash-style=gnu -m elf_x86_64 -dynamic-linker /lib64/ld-linux-x86-64.so.2 -o cmTC_203c3 /usr/lib/gcc/x86_64-redhat-linux/8/../../../../lib64/crt1.o /usr/lib/gcc/x86_64-redhat-linux/8/../../../../lib64/crti.o /usr/lib/gcc/x86_64-redhat-linux/8/crtbegin.o -L/usr/lib/gcc/x86_64-redhat-linux/8 -L/usr/lib/gcc/x86_64-redhat-linux/8/../../../../lib64 -L/lib/../lib64 -L/usr/lib/../lib64 -L/usr/lib/gcc/x86_64-redhat-linux/8/../../.. CMakeFiles/cmTC_203c3.dir/CMakeCXXCompilerABI.cpp.o -lstdc++ -lm -lgcc_s -lgcc -lc -lgcc_s -lgcc /usr/lib/gcc/x86_64-redhat-linux/8/crtend.o /usr/lib/gcc/x86_64-redhat-linux/8/../../../../lib64/crtn.o
COLLECT_GCC_OPTIONS='-v' '-o' 'cmTC_203c3' '-shared-libgcc' '-mtune=generic' '-march=x86-64'
gmake[1]: Leaving directory '/home/zmengaa/BlockSci/release/CMakeFiles/CMakeTmp'



Parsed CXX implicit include dir info from above output: rv=done
  found start of include info
  found start of implicit include info
    add: [/usr/lib/gcc/x86_64-redhat-linux/8/../../../../include/c++/8]
    add: [/usr/lib/gcc/x86_64-redhat-linux/8/../../../../include/c++/8/x86_64-redhat-linux]
    add: [/usr/lib/gcc/x86_64-redhat-linux/8/../../../../include/c++/8/backward]
    add: [/usr/lib/gcc/x86_64-redhat-linux/8/include]
    add: [/usr/local/include]
    add: [/usr/include]
  end of search list found
  collapse include dir [/usr/lib/gcc/x86_64-redhat-linux/8/../../../../include/c++/8] ==> [/usr/include/c++/8]
  collapse include dir [/usr/lib/gcc/x86_64-redhat-linux/8/../../../../include/c++/8/x86_64-redhat-linux] ==> [/usr/include/c++/8/x86_64-redhat-linux]
  collapse include dir [/usr/lib/gcc/x86_64-redhat-linux/8/../../../../include/c++/8/backward] ==> [/usr/include/c++/8/backward]
  collapse include dir [/usr/lib/gcc/x86_64-redhat-linux/8/include] ==> [/usr/lib/gcc/x86_64-redhat-linux/8/include]
  collapse include dir [/usr/local/include] ==> [/usr/local/include]
  collapse include dir [/usr/include] ==> [/usr/include]
  implicit include dirs: [/usr/include/c++/8;/usr/include/c++/8/x86_64-redhat-linux;/usr/include/c++/8/backward;/usr/lib/gcc/x86_64-redhat-linux/8/include;/usr/local/include;/usr/include]


Parsed CXX implicit link information from above output:
  link line regex: [^( *|.*[/\])(ld|CMAKE_LINK_STARTFILE-NOTFOUND|([^/\]+-)?ld|collect2)[^/\]*( |$)]
  ignore line: [Change Dir: /home/zmengaa/BlockSci/release/CMakeFiles/CMakeTmp]
  ignore line: []
  ignore line: [Run Build Command(s):/usr/bin/gmake cmTC_203c3/fast && /usr/bin/gmake  -f CMakeFiles/cmTC_203c3.dir/build.make CMakeFiles/cmTC_203c3.dir/build]
  ignore line: [gmake[1]: Entering directory '/home/zmengaa/BlockSci/release/CMakeFiles/CMakeTmp']
  ignore line: [Building CXX object CMakeFiles/cmTC_203c3.dir/CMakeCXXCompilerABI.cpp.o]
  ignore line: [/usr/bin/c++    -v -o CMakeFiles/cmTC_203c3.dir/CMakeCXXCompilerABI.cpp.o -c /usr/local/share/cmake-3.17/Modules/CMakeCXXCompilerABI.cpp]
  ignore line: [Using built-in specs.]
  ignore line: [COLLECT_GCC=/usr/bin/c++]
  ignore line: [OFFLOAD_TARGET_NAMES=nvptx-none]
  ignore line: [OFFLOAD_TARGET_DEFAULT=1]
  ignore line: [Target: x86_64-redhat-linux]
  ignore line: [Configured with: ../configure --enable-bootstrap --enable-languages=c c++ fortran lto --prefix=/usr --mandir=/usr/share/man --infodir=/usr/share/info --with-bugurl=http://bugzilla.redhat.com/bugzilla --enable-shared --enable-threads=posix --enable-checking=release --enable-multilib --with-system-zlib --enable-__cxa_atexit --disable-libunwind-exceptions --enable-gnu-unique-object --enable-linker-build-id --with-gcc-major-version-only --with-linker-hash-style=gnu --enable-plugin --enable-initfini-array --with-isl --disable-libmpx --enable-offload-targets=nvptx-none --without-cuda-driver --enable-gnu-indirect-function --enable-cet --with-tune=generic --with-arch_32=x86-64 --build=x86_64-redhat-linux]
  ignore line: [Thread model: posix]
  ignore line: [gcc version 8.3.1 20190507 (Red Hat 8.3.1-4) (GCC) ]
  ignore line: [COLLECT_GCC_OPTIONS='-v' '-o' 'CMakeFiles/cmTC_203c3.dir/CMakeCXXCompilerABI.cpp.o' '-c' '-shared-libgcc' '-mtune=generic' '-march=x86-64']
  ignore line: [ /usr/libexec/gcc/x86_64-redhat-linux/8/cc1plus -quiet -v -D_GNU_SOURCE /usr/local/share/cmake-3.17/Modules/CMakeCXXCompilerABI.cpp -quiet -dumpbase CMakeCXXCompilerABI.cpp -mtune=generic -march=x86-64 -auxbase-strip CMakeFiles/cmTC_203c3.dir/CMakeCXXCompilerABI.cpp.o -version -o /tmp/ccheVB5z.s]
  ignore line: [GNU C++14 (GCC) version 8.3.1 20190507 (Red Hat 8.3.1-4) (x86_64-redhat-linux)]
  ignore line: [	compiled by GNU C version 8.3.1 20190507 (Red Hat 8.3.1-4)  GMP version 6.1.2  MPFR version 3.1.6-p2  MPC version 1.0.2  isl version isl-0.16.1-GMP]
  ignore line: []
  ignore line: [GGC heuristics: --param ggc-min-expand=100 --param ggc-min-heapsize=131072]
  ignore line: [ignoring nonexistent directory "/usr/lib/gcc/x86_64-redhat-linux/8/include-fixed"]
  ignore line: [ignoring nonexistent directory "/usr/lib/gcc/x86_64-redhat-linux/8/../../../../x86_64-redhat-linux/include"]
  ignore line: [#include "..." search starts here:]
  ignore line: [#include <...> search starts here:]
  ignore line: [ /usr/lib/gcc/x86_64-redhat-linux/8/../../../../include/c++/8]
  ignore line: [ /usr/lib/gcc/x86_64-redhat-linux/8/../../../../include/c++/8/x86_64-redhat-linux]
  ignore line: [ /usr/lib/gcc/x86_64-redhat-linux/8/../../../../include/c++/8/backward]
  ignore line: [ /usr/lib/gcc/x86_64-redhat-linux/8/include]
  ignore line: [ /usr/local/include]
  ignore line: [ /usr/include]
  ignore line: [End of search list.]
  ignore line: [GNU C++14 (GCC) version 8.3.1 20190507 (Red Hat 8.3.1-4) (x86_64-redhat-linux)]
  ignore line: [	compiled by GNU C version 8.3.1 20190507 (Red Hat 8.3.1-4)  GMP version 6.1.2  MPFR version 3.1.6-p2  MPC version 1.0.2  isl version isl-0.16.1-GMP]
  ignore line: []
  ignore line: [GGC heuristics: --param ggc-min-expand=100 --param ggc-min-heapsize=131072]
  ignore line: [Compiler executable checksum: 97a85cef05fd1fc4e3b4ec79ee60f113]
  ignore line: [COLLECT_GCC_OPTIONS='-v' '-o' 'CMakeFiles/cmTC_203c3.dir/CMakeCXXCompilerABI.cpp.o' '-c' '-shared-libgcc' '-mtune=generic' '-march=x86-64']
  ignore line: [ as -v --64 -o CMakeFiles/cmTC_203c3.dir/CMakeCXXCompilerABI.cpp.o /tmp/ccheVB5z.s]
  ignore line: [GNU assembler version 2.30 (x86_64-redhat-linux) using BFD version version 2.30-58.el8_1.1]
  ignore line: [COMPILER_PATH=/usr/libexec/gcc/x86_64-redhat-linux/8/:/usr/libexec/gcc/x86_64-redhat-linux/8/:/usr/libexec/gcc/x86_64-redhat-linux/:/usr/lib/gcc/x86_64-redhat-linux/8/:/usr/lib/gcc/x86_64-redhat-linux/]
  ignore line: [LIBRARY_PATH=/usr/lib/gcc/x86_64-redhat-linux/8/:/usr/lib/gcc/x86_64-redhat-linux/8/../../../../lib64/:/lib/../lib64/:/usr/lib/../lib64/:/usr/lib/gcc/x86_64-redhat-linux/8/../../../:/lib/:/usr/lib/]
  ignore line: [COLLECT_GCC_OPTIONS='-v' '-o' 'CMakeFiles/cmTC_203c3.dir/CMakeCXXCompilerABI.cpp.o' '-c' '-shared-libgcc' '-mtune=generic' '-march=x86-64']
  ignore line: [Linking CXX executable cmTC_203c3]
  ignore line: [/usr/local/bin/cmake -E cmake_link_script CMakeFiles/cmTC_203c3.dir/link.txt --verbose=1]
  ignore line: [/usr/bin/c++      -v CMakeFiles/cmTC_203c3.dir/CMakeCXXCompilerABI.cpp.o  -o cmTC_203c3 ]
  ignore line: [Using built-in specs.]
  ignore line: [COLLECT_GCC=/usr/bin/c++]
  ignore line: [COLLECT_LTO_WRAPPER=/usr/libexec/gcc/x86_64-redhat-linux/8/lto-wrapper]
  ignore line: [OFFLOAD_TARGET_NAMES=nvptx-none]
  ignore line: [OFFLOAD_TARGET_DEFAULT=1]
  ignore line: [Target: x86_64-redhat-linux]
  ignore line: [Configured with: ../configure --enable-bootstrap --enable-languages=c c++ fortran lto --prefix=/usr --mandir=/usr/share/man --infodir=/usr/share/info --with-bugurl=http://bugzilla.redhat.com/bugzilla --enable-shared --enable-threads=posix --enable-checking=release --enable-multilib --with-system-zlib --enable-__cxa_atexit --disable-libunwind-exceptions --enable-gnu-unique-object --enable-linker-build-id --with-gcc-major-version-only --with-linker-hash-style=gnu --enable-plugin --enable-initfini-array --with-isl --disable-libmpx --enable-offload-targets=nvptx-none --without-cuda-driver --enable-gnu-indirect-function --enable-cet --with-tune=generic --with-arch_32=x86-64 --build=x86_64-redhat-linux]
  ignore line: [Thread model: posix]
  ignore line: [gcc version 8.3.1 20190507 (Red Hat 8.3.1-4) (GCC) ]
  ignore line: [COMPILER_PATH=/usr/libexec/gcc/x86_64-redhat-linux/8/:/usr/libexec/gcc/x86_64-redhat-linux/8/:/usr/libexec/gcc/x86_64-redhat-linux/:/usr/lib/gcc/x86_64-redhat-linux/8/:/usr/lib/gcc/x86_64-redhat-linux/]
  ignore line: [LIBRARY_PATH=/usr/lib/gcc/x86_64-redhat-linux/8/:/usr/lib/gcc/x86_64-redhat-linux/8/../../../../lib64/:/lib/../lib64/:/usr/lib/../lib64/:/usr/lib/gcc/x86_64-redhat-linux/8/../../../:/lib/:/usr/lib/]
  ignore line: [COLLECT_GCC_OPTIONS='-v' '-o' 'cmTC_203c3' '-shared-libgcc' '-mtune=generic' '-march=x86-64']
  link line: [ /usr/libexec/gcc/x86_64-redhat-linux/8/collect2 -plugin /usr/libexec/gcc/x86_64-redhat-linux/8/liblto_plugin.so -plugin-opt=/usr/libexec/gcc/x86_64-redhat-linux/8/lto-wrapper -plugin-opt=-fresolution=/tmp/ccqZL1kE.res -plugin-opt=-pass-through=-lgcc_s -plugin-opt=-pass-through=-lgcc -plugin-opt=-pass-through=-lc -plugin-opt=-pass-through=-lgcc_s -plugin-opt=-pass-through=-lgcc --build-id --no-add-needed --eh-frame-hdr --hash-style=gnu -m elf_x86_64 -dynamic-linker /lib64/ld-linux-x86-64.so.2 -o cmTC_203c3 /usr/lib/gcc/x86_64-redhat-linux/8/../../../../lib64/crt1.o /usr/lib/gcc/x86_64-redhat-linux/8/../../../../lib64/crti.o /usr/lib/gcc/x86_64-redhat-linux/8/crtbegin.o -L/usr/lib/gcc/x86_64-redhat-linux/8 -L/usr/lib/gcc/x86_64-redhat-linux/8/../../../../lib64 -L/lib/../lib64 -L/usr/lib/../lib64 -L/usr/lib/gcc/x86_64-redhat-linux/8/../../.. CMakeFiles/cmTC_203c3.dir/CMakeCXXCompilerABI.cpp.o -lstdc++ -lm -lgcc_s -lgcc -lc -lgcc_s -lgcc /usr/lib/gcc/x86_64-redhat-linux/8/crtend.o /usr/lib/gcc/x86_64-redhat-linux/8/../../../../lib64/crtn.o]
    arg [/usr/libexec/gcc/x86_64-redhat-linux/8/collect2] ==> ignore
    arg [-plugin] ==> ignore
    arg [/usr/libexec/gcc/x86_64-redhat-linux/8/liblto_plugin.so] ==> ignore
    arg [-plugin-opt=/usr/libexec/gcc/x86_64-redhat-linux/8/lto-wrapper] ==> ignore
    arg [-plugin-opt=-fresolution=/tmp/ccqZL1kE.res] ==> ignore
    arg [-plugin-opt=-pass-through=-lgcc_s] ==> ignore
    arg [-plugin-opt=-pass-through=-lgcc] ==> ignore
    arg [-plugin-opt=-pass-through=-lc] ==> ignore
    arg [-plugin-opt=-pass-through=-lgcc_s] ==> ignore
    arg [-plugin-opt=-pass-through=-lgcc] ==> ignore
    arg [--build-id] ==> ignore
    arg [--no-add-needed] ==> ignore
    arg [--eh-frame-hdr] ==> ignore
    arg [--hash-style=gnu] ==> ignore
    arg [-m] ==> ignore
    arg [elf_x86_64] ==> ignore
    arg [-dynamic-linker] ==> ignore
    arg [/lib64/ld-linux-x86-64.so.2] ==> ignore
    arg [-o] ==> ignore
    arg [cmTC_203c3] ==> ignore
    arg [/usr/lib/gcc/x86_64-redhat-linux/8/../../../../lib64/crt1.o] ==> ignore
    arg [/usr/lib/gcc/x86_64-redhat-linux/8/../../../../lib64/crti.o] ==> ignore
    arg [/usr/lib/gcc/x86_64-redhat-linux/8/crtbegin.o] ==> ignore
    arg [-L/usr/lib/gcc/x86_64-redhat-linux/8] ==> dir [/usr/lib/gcc/x86_64-redhat-linux/8]
    arg [-L/usr/lib/gcc/x86_64-redhat-linux/8/../../../../lib64] ==> dir [/usr/lib/gcc/x86_64-redhat-linux/8/../../../../lib64]
    arg [-L/lib/../lib64] ==> dir [/lib/../lib64]
    arg [-L/usr/lib/../lib64] ==> dir [/usr/lib/../lib64]
    arg [-L/usr/lib/gcc/x86_64-redhat-linux/8/../../..] ==> dir [/usr/lib/gcc/x86_64-redhat-linux/8/../../..]
    arg [CMakeFiles/cmTC_203c3.dir/CMakeCXXCompilerABI.cpp.o] ==> ignore
    arg [-lstdc++] ==> lib [stdc++]
    arg [-lm] ==> lib [m]
    arg [-lgcc_s] ==> lib [gcc_s]
    arg [-lgcc] ==> lib [gcc]
    arg [-lc] ==> lib [c]
    arg [-lgcc_s] ==> lib [gcc_s]
    arg [-lgcc] ==> lib [gcc]
    arg [/usr/lib/gcc/x86_64-redhat-linux/8/crtend.o] ==> ignore
    arg [/usr/lib/gcc/x86_64-redhat-linux/8/../../../../lib64/crtn.o] ==> ignore
  collapse library dir [/usr/lib/gcc/x86_64-redhat-linux/8] ==> [/usr/lib/gcc/x86_64-redhat-linux/8]
  collapse library dir [/usr/lib/gcc/x86_64-redhat-linux/8/../../../../lib64] ==> [/usr/lib64]
  collapse library dir [/lib/../lib64] ==> [/lib64]
  collapse library dir [/usr/lib/../lib64] ==> [/usr/lib64]
  collapse library dir [/usr/lib/gcc/x86_64-redhat-linux/8/../../..] ==> [/usr/lib]
  implicit libs: [stdc++;m;gcc_s;gcc;c;gcc_s;gcc]
  implicit dirs: [/usr/lib/gcc/x86_64-redhat-linux/8;/usr/lib64;/lib64;/usr/lib]
  implicit fwks: []


Performing C++ SOURCE FILE Test HAS_CLASS_MEMACCESS succeeded with the following output:
Change Dir: /home/zmengaa/BlockSci/release/CMakeFiles/CMakeTmp

Run Build Command(s):/usr/bin/gmake cmTC_79afb/fast && /usr/bin/gmake  -f CMakeFiles/cmTC_79afb.dir/build.make CMakeFiles/cmTC_79afb.dir/build
gmake[1]: Entering directory '/home/zmengaa/BlockSci/release/CMakeFiles/CMakeTmp'
Building CXX object CMakeFiles/cmTC_79afb.dir/src.cxx.o
/usr/bin/c++    -fPIC -fvisibility=hidden -DHAS_CLASS_MEMACCESS   -Wclass-memaccess -o CMakeFiles/cmTC_79afb.dir/src.cxx.o -c /home/zmengaa/BlockSci/release/CMakeFiles/CMakeTmp/src.cxx
Linking CXX executable cmTC_79afb
/usr/local/bin/cmake -E cmake_link_script CMakeFiles/cmTC_79afb.dir/link.txt --verbose=1
/usr/bin/c++   -fPIC -fvisibility=hidden -DHAS_CLASS_MEMACCESS    CMakeFiles/cmTC_79afb.dir/src.cxx.o  -o cmTC_79afb 
gmake[1]: Leaving directory '/home/zmengaa/BlockSci/release/CMakeFiles/CMakeTmp'


Source file was:
int main() { return 0; }
Checking whether the ASM compiler is GNU using "--version" matched "(GNU assembler)|(GCC)|(Free Software Foundation)":
cc (GCC) 8.3.1 20190507 (Red Hat 8.3.1-4)
Copyright (C) 2018 Free Software Foundation, Inc.
This is free software; see the source for copying conditions.  There is NO
warranty; not even for MERCHANTABILITY or FITNESS FOR A PARTICULAR PURPOSE.

Performing C++ SOURCE FILE Test HAVE_OMIT_LEAF_FRAME_POINTER succeeded with the following output:
Change Dir: /home/zmengaa/BlockSci/release/CMakeFiles/CMakeTmp

Run Build Command(s):/usr/bin/gmake cmTC_14fc4/fast && /usr/bin/gmake  -f CMakeFiles/cmTC_14fc4.dir/build.make CMakeFiles/cmTC_14fc4.dir/build
gmake[1]: Entering directory '/home/zmengaa/BlockSci/release/CMakeFiles/CMakeTmp'
Building CXX object CMakeFiles/cmTC_14fc4.dir/src.cxx.o
/usr/bin/c++    -fPIC -fvisibility=hidden -Wno-error=class-memaccess -W -Wextra -Wall -Wsign-compare -Wshadow -Wno-unused-parameter -Wno-unused-variable -Woverloaded-virtual -Wnon-virtual-dtor -Wno-missing-field-initializers -Wno-strict-aliasing -std=c++11 -O2 -fno-omit-frame-pointer -DHAVE_OMIT_LEAF_FRAME_POINTER   -momit-leaf-frame-pointer -o CMakeFiles/cmTC_14fc4.dir/src.cxx.o -c /home/zmengaa/BlockSci/release/CMakeFiles/CMakeTmp/src.cxx
Linking CXX executable cmTC_14fc4
/usr/local/bin/cmake -E cmake_link_script CMakeFiles/cmTC_14fc4.dir/link.txt --verbose=1
/usr/bin/c++   -fPIC -fvisibility=hidden -Wno-error=class-memaccess -W -Wextra -Wall -Wsign-compare -Wshadow -Wno-unused-parameter -Wno-unused-variable -Woverloaded-virtual -Wnon-virtual-dtor -Wno-missing-field-initializers -Wno-strict-aliasing -std=c++11 -O2 -fno-omit-frame-pointer -DHAVE_OMIT_LEAF_FRAME_POINTER    CMakeFiles/cmTC_14fc4.dir/src.cxx.o  -o cmTC_14fc4 
gmake[1]: Leaving directory '/home/zmengaa/BlockSci/release/CMakeFiles/CMakeTmp'


Source file was:
int main() { return 0; }
Performing C++ SOURCE FILE Test HAVE_SSE42 succeeded with the following output:
Change Dir: /home/zmengaa/BlockSci/release/CMakeFiles/CMakeTmp

Run Build Command(s):/usr/bin/gmake cmTC_5a1b2/fast && /usr/bin/gmake  -f CMakeFiles/cmTC_5a1b2.dir/build.make CMakeFiles/cmTC_5a1b2.dir/build
gmake[1]: Entering directory '/home/zmengaa/BlockSci/release/CMakeFiles/CMakeTmp'
Building CXX object CMakeFiles/cmTC_5a1b2.dir/src.cxx.o
/usr/bin/c++    -fPIC -fvisibility=hidden -Wno-error=class-memaccess -W -Wextra -Wall -Wsign-compare -Wshadow -Wno-unused-parameter -Wno-unused-variable -Woverloaded-virtual -Wnon-virtual-dtor -Wno-missing-field-initializers -Wno-strict-aliasing -std=c++11 -O2 -fno-omit-frame-pointer -momit-leaf-frame-pointer -march=native -DHAVE_SSE42 -msse4.2 -mpclmul   -o CMakeFiles/cmTC_5a1b2.dir/src.cxx.o -c /home/zmengaa/BlockSci/release/CMakeFiles/CMakeTmp/src.cxx
Linking CXX executable cmTC_5a1b2
/usr/local/bin/cmake -E cmake_link_script CMakeFiles/cmTC_5a1b2.dir/link.txt --verbose=1
/usr/bin/c++   -fPIC -fvisibility=hidden -Wno-error=class-memaccess -W -Wextra -Wall -Wsign-compare -Wshadow -Wno-unused-parameter -Wno-unused-variable -Woverloaded-virtual -Wnon-virtual-dtor -Wno-missing-field-initializers -Wno-strict-aliasing -std=c++11 -O2 -fno-omit-frame-pointer -momit-leaf-frame-pointer -march=native -DHAVE_SSE42 -msse4.2 -mpclmul    CMakeFiles/cmTC_5a1b2.dir/src.cxx.o  -o cmTC_5a1b2 
gmake[1]: Leaving directory '/home/zmengaa/BlockSci/release/CMakeFiles/CMakeTmp'


Source file was:

#include <cstdint>
#include <nmmintrin.h>
#include <wmmintrin.h>
int main() {
  volatile uint32_t x = _mm_crc32_u32(0, 0);
  const auto a = _mm_set_epi64x(0, 0);
  const auto b = _mm_set_epi64x(0, 0);
  const auto c = _mm_clmulepi64_si128(a, b, 0x00);
  auto d = _mm_cvtsi128_si64(c);
}

Performing C++ SOURCE FILE Test HAVE_THREAD_LOCAL succeeded with the following output:
Change Dir: /home/zmengaa/BlockSci/release/CMakeFiles/CMakeTmp

Run Build Command(s):/usr/bin/gmake cmTC_1e449/fast && /usr/bin/gmake  -f CMakeFiles/cmTC_1e449.dir/build.make CMakeFiles/cmTC_1e449.dir/build
gmake[1]: Entering directory '/home/zmengaa/BlockSci/release/CMakeFiles/CMakeTmp'
Building CXX object CMakeFiles/cmTC_1e449.dir/src.cxx.o
/usr/bin/c++    -fPIC -fvisibility=hidden -Wno-error=class-memaccess -W -Wextra -Wall -Wsign-compare -Wshadow -Wno-unused-parameter -Wno-unused-variable -Woverloaded-virtual -Wnon-virtual-dtor -Wno-missing-field-initializers -Wno-strict-aliasing -std=c++11 -O2 -fno-omit-frame-pointer -momit-leaf-frame-pointer -march=native -DHAVE_THREAD_LOCAL   -o CMakeFiles/cmTC_1e449.dir/src.cxx.o -c /home/zmengaa/BlockSci/release/CMakeFiles/CMakeTmp/src.cxx
Linking CXX executable cmTC_1e449
/usr/local/bin/cmake -E cmake_link_script CMakeFiles/cmTC_1e449.dir/link.txt --verbose=1
/usr/bin/c++   -fPIC -fvisibility=hidden -Wno-error=class-memaccess -W -Wextra -Wall -Wsign-compare -Wshadow -Wno-unused-parameter -Wno-unused-variable -Woverloaded-virtual -Wnon-virtual-dtor -Wno-missing-field-initializers -Wno-strict-aliasing -std=c++11 -O2 -fno-omit-frame-pointer -momit-leaf-frame-pointer -march=native -DHAVE_THREAD_LOCAL    CMakeFiles/cmTC_1e449.dir/src.cxx.o  -o cmTC_1e449 
gmake[1]: Leaving directory '/home/zmengaa/BlockSci/release/CMakeFiles/CMakeTmp'


Source file was:

#if defined(_MSC_VER) && !defined(__thread)
#define __thread __declspec(thread)
#endif
int main() {
  static __thread int tls;
}

Performing C++ SOURCE FILE Test HAVE_FALLOCATE succeeded with the following output:
Change Dir: /home/zmengaa/BlockSci/release/CMakeFiles/CMakeTmp

Run Build Command(s):/usr/bin/gmake cmTC_e7e5c/fast && /usr/bin/gmake  -f CMakeFiles/cmTC_e7e5c.dir/build.make CMakeFiles/cmTC_e7e5c.dir/build
gmake[1]: Entering directory '/home/zmengaa/BlockSci/release/CMakeFiles/CMakeTmp'
Building CXX object CMakeFiles/cmTC_e7e5c.dir/src.cxx.o
/usr/bin/c++    -fPIC -fvisibility=hidden -Wno-error=class-memaccess -W -Wextra -Wall -Wsign-compare -Wshadow -Wno-unused-parameter -Wno-unused-variable -Woverloaded-virtual -Wnon-virtual-dtor -Wno-missing-field-initializers -Wno-strict-aliasing -std=c++11 -O2 -fno-omit-frame-pointer -momit-leaf-frame-pointer -march=native -Werror -fno-builtin-memcmp -DHAVE_FALLOCATE   -o CMakeFiles/cmTC_e7e5c.dir/src.cxx.o -c /home/zmengaa/BlockSci/release/CMakeFiles/CMakeTmp/src.cxx
Linking CXX executable cmTC_e7e5c
/usr/local/bin/cmake -E cmake_link_script CMakeFiles/cmTC_e7e5c.dir/link.txt --verbose=1
/usr/bin/c++   -fPIC -fvisibility=hidden -Wno-error=class-memaccess -W -Wextra -Wall -Wsign-compare -Wshadow -Wno-unused-parameter -Wno-unused-variable -Woverloaded-virtual -Wnon-virtual-dtor -Wno-missing-field-initializers -Wno-strict-aliasing -std=c++11 -O2 -fno-omit-frame-pointer -momit-leaf-frame-pointer -march=native -Werror -fno-builtin-memcmp -DHAVE_FALLOCATE    CMakeFiles/cmTC_e7e5c.dir/src.cxx.o  -o cmTC_e7e5c 
gmake[1]: Leaving directory '/home/zmengaa/BlockSci/release/CMakeFiles/CMakeTmp'


Source file was:

#include <fcntl.h>
#include <linux/falloc.h>
int main() {
 int fd = open("/dev/null", 0);
 fallocate(fd, FALLOC_FL_KEEP_SIZE | FALLOC_FL_PUNCH_HOLE, 0, 1024);
}

Performing C++ SOURCE FILE Test HAVE_SYNC_FILE_RANGE_WRITE succeeded with the following output:
Change Dir: /home/zmengaa/BlockSci/release/CMakeFiles/CMakeTmp

Run Build Command(s):/usr/bin/gmake cmTC_ac15c/fast && /usr/bin/gmake  -f CMakeFiles/cmTC_ac15c.dir/build.make CMakeFiles/cmTC_ac15c.dir/build
gmake[1]: Entering directory '/home/zmengaa/BlockSci/release/CMakeFiles/CMakeTmp'
Building CXX object CMakeFiles/cmTC_ac15c.dir/src.cxx.o
/usr/bin/c++    -fPIC -fvisibility=hidden -Wno-error=class-memaccess -W -Wextra -Wall -Wsign-compare -Wshadow -Wno-unused-parameter -Wno-unused-variable -Woverloaded-virtual -Wnon-virtual-dtor -Wno-missing-field-initializers -Wno-strict-aliasing -std=c++11 -O2 -fno-omit-frame-pointer -momit-leaf-frame-pointer -march=native -Werror -fno-builtin-memcmp -DHAVE_SYNC_FILE_RANGE_WRITE   -o CMakeFiles/cmTC_ac15c.dir/src.cxx.o -c /home/zmengaa/BlockSci/release/CMakeFiles/CMakeTmp/src.cxx
Linking CXX executable cmTC_ac15c
/usr/local/bin/cmake -E cmake_link_script CMakeFiles/cmTC_ac15c.dir/link.txt --verbose=1
/usr/bin/c++   -fPIC -fvisibility=hidden -Wno-error=class-memaccess -W -Wextra -Wall -Wsign-compare -Wshadow -Wno-unused-parameter -Wno-unused-variable -Woverloaded-virtual -Wnon-virtual-dtor -Wno-missing-field-initializers -Wno-strict-aliasing -std=c++11 -O2 -fno-omit-frame-pointer -momit-leaf-frame-pointer -march=native -Werror -fno-builtin-memcmp -DHAVE_SYNC_FILE_RANGE_WRITE    CMakeFiles/cmTC_ac15c.dir/src.cxx.o  -o cmTC_ac15c 
gmake[1]: Leaving directory '/home/zmengaa/BlockSci/release/CMakeFiles/CMakeTmp'


Source file was:

#include <fcntl.h>
int main() {
  int fd = open("/dev/null", 0);
  sync_file_range(fd, 0, 1024, SYNC_FILE_RANGE_WRITE);
}

Performing C++ SOURCE FILE Test HAVE_PTHREAD_MUTEX_ADAPTIVE_NP succeeded with the following output:
Change Dir: /home/zmengaa/BlockSci/release/CMakeFiles/CMakeTmp

Run Build Command(s):/usr/bin/gmake cmTC_8d6f8/fast && /usr/bin/gmake  -f CMakeFiles/cmTC_8d6f8.dir/build.make CMakeFiles/cmTC_8d6f8.dir/build
gmake[1]: Entering directory '/home/zmengaa/BlockSci/release/CMakeFiles/CMakeTmp'
Building CXX object CMakeFiles/cmTC_8d6f8.dir/src.cxx.o
/usr/bin/c++    -fPIC -fvisibility=hidden -Wno-error=class-memaccess -W -Wextra -Wall -Wsign-compare -Wshadow -Wno-unused-parameter -Wno-unused-variable -Woverloaded-virtual -Wnon-virtual-dtor -Wno-missing-field-initializers -Wno-strict-aliasing -std=c++11 -O2 -fno-omit-frame-pointer -momit-leaf-frame-pointer -march=native -Werror -fno-builtin-memcmp -DHAVE_PTHREAD_MUTEX_ADAPTIVE_NP   -o CMakeFiles/cmTC_8d6f8.dir/src.cxx.o -c /home/zmengaa/BlockSci/release/CMakeFiles/CMakeTmp/src.cxx
Linking CXX executable cmTC_8d6f8
/usr/local/bin/cmake -E cmake_link_script CMakeFiles/cmTC_8d6f8.dir/link.txt --verbose=1
/usr/bin/c++   -fPIC -fvisibility=hidden -Wno-error=class-memaccess -W -Wextra -Wall -Wsign-compare -Wshadow -Wno-unused-parameter -Wno-unused-variable -Woverloaded-virtual -Wnon-virtual-dtor -Wno-missing-field-initializers -Wno-strict-aliasing -std=c++11 -O2 -fno-omit-frame-pointer -momit-leaf-frame-pointer -march=native -Werror -fno-builtin-memcmp -DHAVE_PTHREAD_MUTEX_ADAPTIVE_NP    CMakeFiles/cmTC_8d6f8.dir/src.cxx.o  -o cmTC_8d6f8 
gmake[1]: Leaving directory '/home/zmengaa/BlockSci/release/CMakeFiles/CMakeTmp'


Source file was:

#include <pthread.h>
int main() {
  (void) PTHREAD_MUTEX_ADAPTIVE_NP;
}

Determining if the malloc_usable_size exist passed with the following output:
Change Dir: /home/zmengaa/BlockSci/release/CMakeFiles/CMakeTmp

Run Build Command(s):/usr/bin/gmake cmTC_9fd55/fast && /usr/bin/gmake  -f CMakeFiles/cmTC_9fd55.dir/build.make CMakeFiles/cmTC_9fd55.dir/build
gmake[1]: Entering directory '/home/zmengaa/BlockSci/release/CMakeFiles/CMakeTmp'
Building CXX object CMakeFiles/cmTC_9fd55.dir/CheckSymbolExists.cxx.o
/usr/bin/c++    -fPIC -fvisibility=hidden -Wno-error=class-memaccess -W -Wextra -Wall -Wsign-compare -Wshadow -Wno-unused-parameter -Wno-unused-variable -Woverloaded-virtual -Wnon-virtual-dtor -Wno-missing-field-initializers -Wno-strict-aliasing -std=c++11 -O2 -fno-omit-frame-pointer -momit-leaf-frame-pointer -march=native -Werror -fno-builtin-memcmp    -o CMakeFiles/cmTC_9fd55.dir/CheckSymbolExists.cxx.o -c /home/zmengaa/BlockSci/release/CMakeFiles/CMakeTmp/CheckSymbolExists.cxx
Linking CXX executable cmTC_9fd55
/usr/local/bin/cmake -E cmake_link_script CMakeFiles/cmTC_9fd55.dir/link.txt --verbose=1
/usr/bin/c++   -fPIC -fvisibility=hidden -Wno-error=class-memaccess -W -Wextra -Wall -Wsign-compare -Wshadow -Wno-unused-parameter -Wno-unused-variable -Woverloaded-virtual -Wnon-virtual-dtor -Wno-missing-field-initializers -Wno-strict-aliasing -std=c++11 -O2 -fno-omit-frame-pointer -momit-leaf-frame-pointer -march=native -Werror -fno-builtin-memcmp     -rdynamic CMakeFiles/cmTC_9fd55.dir/CheckSymbolExists.cxx.o  -o cmTC_9fd55 
gmake[1]: Leaving directory '/home/zmengaa/BlockSci/release/CMakeFiles/CMakeTmp'


File /home/zmengaa/BlockSci/release/CMakeFiles/CMakeTmp/CheckSymbolExists.cxx:
/* */
#include <malloc.h>

int main(int argc, char** argv)
{
  (void)argv;
#ifndef malloc_usable_size
  return ((int*)(&malloc_usable_size))[argc];
#else
  (void)argc;
  return 0;
#endif
}
Determining if the sched_getcpu exist passed with the following output:
Change Dir: /home/zmengaa/BlockSci/release/CMakeFiles/CMakeTmp

Run Build Command(s):/usr/bin/gmake cmTC_fbf81/fast && /usr/bin/gmake  -f CMakeFiles/cmTC_fbf81.dir/build.make CMakeFiles/cmTC_fbf81.dir/build
gmake[1]: Entering directory '/home/zmengaa/BlockSci/release/CMakeFiles/CMakeTmp'
Building CXX object CMakeFiles/cmTC_fbf81.dir/CheckSymbolExists.cxx.o
/usr/bin/c++    -fPIC -fvisibility=hidden -Wno-error=class-memaccess -W -Wextra -Wall -Wsign-compare -Wshadow -Wno-unused-parameter -Wno-unused-variable -Woverloaded-virtual -Wnon-virtual-dtor -Wno-missing-field-initializers -Wno-strict-aliasing -std=c++11 -O2 -fno-omit-frame-pointer -momit-leaf-frame-pointer -march=native -Werror -fno-builtin-memcmp    -o CMakeFiles/cmTC_fbf81.dir/CheckSymbolExists.cxx.o -c /home/zmengaa/BlockSci/release/CMakeFiles/CMakeTmp/CheckSymbolExists.cxx
Linking CXX executable cmTC_fbf81
/usr/local/bin/cmake -E cmake_link_script CMakeFiles/cmTC_fbf81.dir/link.txt --verbose=1
/usr/bin/c++   -fPIC -fvisibility=hidden -Wno-error=class-memaccess -W -Wextra -Wall -Wsign-compare -Wshadow -Wno-unused-parameter -Wno-unused-variable -Woverloaded-virtual -Wnon-virtual-dtor -Wno-missing-field-initializers -Wno-strict-aliasing -std=c++11 -O2 -fno-omit-frame-pointer -momit-leaf-frame-pointer -march=native -Werror -fno-builtin-memcmp     -rdynamic CMakeFiles/cmTC_fbf81.dir/CheckSymbolExists.cxx.o  -o cmTC_fbf81 
gmake[1]: Leaving directory '/home/zmengaa/BlockSci/release/CMakeFiles/CMakeTmp'


File /home/zmengaa/BlockSci/release/CMakeFiles/CMakeTmp/CheckSymbolExists.cxx:
/* */
#include <sched.h>

int main(int argc, char** argv)
{
  (void)argv;
#ifndef sched_getcpu
  return ((int*)(&sched_getcpu))[argc];
#else
  (void)argc;
  return 0;
#endif
}
Determining if the include file pthread.h exists passed with the following output:
Change Dir: /home/zmengaa/BlockSci/release/CMakeFiles/CMakeTmp

Run Build Command(s):/usr/bin/gmake cmTC_125e0/fast && /usr/bin/gmake  -f CMakeFiles/cmTC_125e0.dir/build.make CMakeFiles/cmTC_125e0.dir/build
gmake[1]: Entering directory '/home/zmengaa/BlockSci/release/CMakeFiles/CMakeTmp'
Building C object CMakeFiles/cmTC_125e0.dir/CheckIncludeFile.c.o
/usr/bin/cc    -o CMakeFiles/cmTC_125e0.dir/CheckIncludeFile.c.o   -c /home/zmengaa/BlockSci/release/CMakeFiles/CMakeTmp/CheckIncludeFile.c
Linking C executable cmTC_125e0
/usr/local/bin/cmake -E cmake_link_script CMakeFiles/cmTC_125e0.dir/link.txt --verbose=1
/usr/bin/cc      -rdynamic CMakeFiles/cmTC_125e0.dir/CheckIncludeFile.c.o  -o cmTC_125e0 
gmake[1]: Leaving directory '/home/zmengaa/BlockSci/release/CMakeFiles/CMakeTmp'



Determining if the function pthread_create exists in the pthread passed with the following output:
Change Dir: /home/zmengaa/BlockSci/release/CMakeFiles/CMakeTmp

Run Build Command(s):/usr/bin/gmake cmTC_2d921/fast && /usr/bin/gmake  -f CMakeFiles/cmTC_2d921.dir/build.make CMakeFiles/cmTC_2d921.dir/build
gmake[1]: Entering directory '/home/zmengaa/BlockSci/release/CMakeFiles/CMakeTmp'
Building C object CMakeFiles/cmTC_2d921.dir/CheckFunctionExists.c.o
/usr/bin/cc   -DCHECK_FUNCTION_EXISTS=pthread_create   -o CMakeFiles/cmTC_2d921.dir/CheckFunctionExists.c.o   -c /usr/local/share/cmake-3.17/Modules/CheckFunctionExists.c
Linking C executable cmTC_2d921
/usr/local/bin/cmake -E cmake_link_script CMakeFiles/cmTC_2d921.dir/link.txt --verbose=1
/usr/bin/cc  -DCHECK_FUNCTION_EXISTS=pthread_create    -rdynamic CMakeFiles/cmTC_2d921.dir/CheckFunctionExists.c.o  -o cmTC_2d921  -lpthread 
gmake[1]: Leaving directory '/home/zmengaa/BlockSci/release/CMakeFiles/CMakeTmp'



Performing C++ SOURCE FILE Test COMPILER_HAS_HIDDEN_VISIBILITY succeeded with the following output:
Change Dir: /home/zmengaa/BlockSci/release/CMakeFiles/CMakeTmp

Run Build Command(s):/usr/bin/gmake cmTC_6574f/fast && /usr/bin/gmake  -f CMakeFiles/cmTC_6574f.dir/build.make CMakeFiles/cmTC_6574f.dir/build
gmake[1]: Entering directory '/home/zmengaa/BlockSci/release/CMakeFiles/CMakeTmp'
Building CXX object CMakeFiles/cmTC_6574f.dir/src.cxx.o
/usr/bin/c++    -march=native -mtune=native -DCOMPILER_HAS_HIDDEN_VISIBILITY   -fvisibility=hidden -o CMakeFiles/cmTC_6574f.dir/src.cxx.o -c /home/zmengaa/BlockSci/release/CMakeFiles/CMakeTmp/src.cxx
Linking CXX executable cmTC_6574f
/usr/local/bin/cmake -E cmake_link_script CMakeFiles/cmTC_6574f.dir/link.txt --verbose=1
/usr/bin/c++   -march=native -mtune=native -DCOMPILER_HAS_HIDDEN_VISIBILITY    CMakeFiles/cmTC_6574f.dir/src.cxx.o  -o cmTC_6574f 
gmake[1]: Leaving directory '/home/zmengaa/BlockSci/release/CMakeFiles/CMakeTmp'


Source file was:
int main() { return 0; }
Performing C++ SOURCE FILE Test COMPILER_HAS_HIDDEN_INLINE_VISIBILITY succeeded with the following output:
Change Dir: /home/zmengaa/BlockSci/release/CMakeFiles/CMakeTmp

Run Build Command(s):/usr/bin/gmake cmTC_a6ce4/fast && /usr/bin/gmake  -f CMakeFiles/cmTC_a6ce4.dir/build.make CMakeFiles/cmTC_a6ce4.dir/build
gmake[1]: Entering directory '/home/zmengaa/BlockSci/release/CMakeFiles/CMakeTmp'
Building CXX object CMakeFiles/cmTC_a6ce4.dir/src.cxx.o
/usr/bin/c++    -march=native -mtune=native -DCOMPILER_HAS_HIDDEN_INLINE_VISIBILITY   -fvisibility-inlines-hidden -o CMakeFiles/cmTC_a6ce4.dir/src.cxx.o -c /home/zmengaa/BlockSci/release/CMakeFiles/CMakeTmp/src.cxx
Linking CXX executable cmTC_a6ce4
/usr/local/bin/cmake -E cmake_link_script CMakeFiles/cmTC_a6ce4.dir/link.txt --verbose=1
/usr/bin/c++   -march=native -mtune=native -DCOMPILER_HAS_HIDDEN_INLINE_VISIBILITY    CMakeFiles/cmTC_a6ce4.dir/src.cxx.o  -o cmTC_a6ce4 
gmake[1]: Leaving directory '/home/zmengaa/BlockSci/release/CMakeFiles/CMakeTmp'


Source file was:
int main() { return 0; }
Performing C++ SOURCE FILE Test COMPILER_HAS_DEPRECATED_ATTR succeeded with the following output:
Change Dir: /home/zmengaa/BlockSci/release/CMakeFiles/CMakeTmp

Run Build Command(s):/usr/bin/gmake cmTC_ed774/fast && /usr/bin/gmake  -f CMakeFiles/cmTC_ed774.dir/build.make CMakeFiles/cmTC_ed774.dir/build
gmake[1]: Entering directory '/home/zmengaa/BlockSci/release/CMakeFiles/CMakeTmp'
Building CXX object CMakeFiles/cmTC_ed774.dir/src.cxx.o
/usr/bin/c++    -march=native -mtune=native -DCOMPILER_HAS_DEPRECATED_ATTR   -o CMakeFiles/cmTC_ed774.dir/src.cxx.o -c /home/zmengaa/BlockSci/release/CMakeFiles/CMakeTmp/src.cxx
/home/zmengaa/BlockSci/release/CMakeFiles/CMakeTmp/src.cxx: In function int main():
/home/zmengaa/BlockSci/release/CMakeFiles/CMakeTmp/src.cxx:2:34: warning: int somefunc() is deprecated [-Wdeprecated-declarations]
     int main() { return somefunc();}
                                  ^
/home/zmengaa/BlockSci/release/CMakeFiles/CMakeTmp/src.cxx:1:37: note: declared here
 __attribute__((__deprecated__)) int somefunc() { return 0; }
                                     ^~~~~~~~
/home/zmengaa/BlockSci/release/CMakeFiles/CMakeTmp/src.cxx:2:34: warning: int somefunc() is deprecated [-Wdeprecated-declarations]
     int main() { return somefunc();}
                                  ^
/home/zmengaa/BlockSci/release/CMakeFiles/CMakeTmp/src.cxx:1:37: note: declared here
 __attribute__((__deprecated__)) int somefunc() { return 0; }
                                     ^~~~~~~~
Linking CXX executable cmTC_ed774
/usr/local/bin/cmake -E cmake_link_script CMakeFiles/cmTC_ed774.dir/link.txt --verbose=1
/usr/bin/c++   -march=native -mtune=native -DCOMPILER_HAS_DEPRECATED_ATTR    CMakeFiles/cmTC_ed774.dir/src.cxx.o  -o cmTC_ed774 
gmake[1]: Leaving directory '/home/zmengaa/BlockSci/release/CMakeFiles/CMakeTmp'


Source file was:
__attribute__((__deprecated__)) int somefunc() { return 0; }
    int main() { return somefunc();}
