Performing C SOURCE FILE Test CMAKE_HAVE_LIBC_PTHREAD failed with the following output:
Change Dir: /home/zmengaa/BlockSci/release/CMakeFiles/CMakeTmp

Run Build Command(s):/usr/bin/gmake cmTC_e3ef8/fast && /usr/bin/gmake  -f CMakeFiles/cmTC_e3ef8.dir/build.make CMakeFiles/cmTC_e3ef8.dir/build
gmake[1]: Entering directory '/home/zmengaa/BlockSci/release/CMakeFiles/CMakeTmp'
Building C object CMakeFiles/cmTC_e3ef8.dir/src.c.o
/usr/bin/cc   -DCMAKE_HAVE_LIBC_PTHREAD   -o CMakeFiles/cmTC_e3ef8.dir/src.c.o   -c /home/zmengaa/BlockSci/release/CMakeFiles/CMakeTmp/src.c
Linking C executable cmTC_e3ef8
/usr/local/bin/cmake -E cmake_link_script CMakeFiles/cmTC_e3ef8.dir/link.txt --verbose=1
/usr/bin/cc  -DCMAKE_HAVE_LIBC_PTHREAD    -rdynamic CMakeFiles/cmTC_e3ef8.dir/src.c.o  -o cmTC_e3ef8 
CMakeFiles/cmTC_e3ef8.dir/src.c.o: In function `main':
src.c:(.text+0x2d): undefined reference to `pthread_create'
src.c:(.text+0x39): undefined reference to `pthread_detach'
src.c:(.text+0x45): undefined reference to `pthread_cancel'
src.c:(.text+0x56): undefined reference to `pthread_join'
collect2: error: ld returned 1 exit status
gmake[1]: *** [CMakeFiles/cmTC_e3ef8.dir/build.make:107: cmTC_e3ef8] Error 1
gmake[1]: Leaving directory '/home/zmengaa/BlockSci/release/CMakeFiles/CMakeTmp'
gmake: *** [Makefile:141: cmTC_e3ef8/fast] Error 2


Source file was:
#include <pthread.h>

void* test_func(void* data)
{
  return data;
}

int main(void)
{
  pthread_t thread;
  pthread_create(&thread, NULL, test_func, NULL);
  pthread_detach(thread);
  pthread_cancel(thread);
  pthread_join(thread, NULL);
  pthread_atfork(NULL, NULL, NULL);
  pthread_exit(NULL);

  return 0;
}

Determining if the function pthread_create exists in the pthreads failed with the following output:
Change Dir: /home/zmengaa/BlockSci/release/CMakeFiles/CMakeTmp

Run Build Command(s):/usr/bin/gmake cmTC_0481e/fast && /usr/bin/gmake  -f CMakeFiles/cmTC_0481e.dir/build.make CMakeFiles/cmTC_0481e.dir/build
gmake[1]: Entering directory '/home/zmengaa/BlockSci/release/CMakeFiles/CMakeTmp'
Building C object CMakeFiles/cmTC_0481e.dir/CheckFunctionExists.c.o
/usr/bin/cc   -DCHECK_FUNCTION_EXISTS=pthread_create   -o CMakeFiles/cmTC_0481e.dir/CheckFunctionExists.c.o   -c /usr/local/share/cmake-3.17/Modules/CheckFunctionExists.c
Linking C executable cmTC_0481e
/usr/local/bin/cmake -E cmake_link_script CMakeFiles/cmTC_0481e.dir/link.txt --verbose=1
/usr/bin/cc  -DCHECK_FUNCTION_EXISTS=pthread_create    -rdynamic CMakeFiles/cmTC_0481e.dir/CheckFunctionExists.c.o  -o cmTC_0481e  -lpthreads 
/usr/bin/ld: cannot find -lpthreads
collect2: error: ld returned 1 exit status
gmake[1]: *** [CMakeFiles/cmTC_0481e.dir/build.make:107: cmTC_0481e] Error 1
gmake[1]: Leaving directory '/home/zmengaa/BlockSci/release/CMakeFiles/CMakeTmp'
gmake: *** [Makefile:141: cmTC_0481e/fast] Error 2



